2017/04/03 10:29:30 [error] [system.db.CDbCommand] CDbCommand::fetchAll() failed: SQLSTATE[42S02]: Base table or view not found: 1146 Table 'real_estate_tax_billing_system.real_estate_tax_billing_system' doesn't exist. The SQL statement executed was: SHOW FULL COLUMNS FROM `real_estate_tax_billing_system`.
in C:\wamp64\www\realestatetaxbillingsystem\index.php (13)
2017/04/03 10:41:20 [error] [php] Trying to get property of non-object (C:\wamp64\www\realestatetaxbillingsystem\protected\views\site\index.php:7)
Stack trace:
#0 C:\wamp64\www\yii\framework\web\CController.php(869): SiteController->renderFile()
#1 C:\wamp64\www\yii\framework\web\CController.php(782): SiteController->renderPartial()
#2 C:\wamp64\www\realestatetaxbillingsystem\protected\controllers\SiteController.php(32): SiteController->render()
#3 C:\wamp64\www\yii\framework\web\actions\CInlineAction.php(49): SiteController->actionIndex()
#4 C:\wamp64\www\yii\framework\web\CController.php(308): CInlineAction->runWithParams()
#5 C:\wamp64\www\yii\framework\web\CController.php(286): SiteController->runAction()
#6 C:\wamp64\www\yii\framework\web\CController.php(265): SiteController->runActionWithFilters()
#7 C:\wamp64\www\yii\framework\web\CWebApplication.php(282): SiteController->run()
#8 C:\wamp64\www\yii\framework\web\CWebApplication.php(141): CWebApplication->runController()
#9 C:\wamp64\www\yii\framework\base\CApplication.php(185): CWebApplication->processRequest()
#10 C:\wamp64\www\realestatetaxbillingsystem\index.php(13): CWebApplication->run()
REQUEST_URI=/realestatetaxbillingsystem/
in C:\wamp64\www\realestatetaxbillingsystem\protected\views\site\index.php (7)
in C:\wamp64\www\realestatetaxbillingsystem\protected\controllers\SiteController.php (32)
in C:\wamp64\www\realestatetaxbillingsystem\index.php (13)
2017/04/03 10:41:54 [error] [php] Array to string conversion (C:\wamp64\www\realestatetaxbillingsystem\protected\views\site\index.php:7)
Stack trace:
#0 C:\wamp64\www\yii\framework\web\CController.php(869): SiteController->renderFile()
#1 C:\wamp64\www\yii\framework\web\CController.php(782): SiteController->renderPartial()
#2 C:\wamp64\www\realestatetaxbillingsystem\protected\controllers\SiteController.php(32): SiteController->render()
#3 C:\wamp64\www\yii\framework\web\actions\CInlineAction.php(49): SiteController->actionIndex()
#4 C:\wamp64\www\yii\framework\web\CController.php(308): CInlineAction->runWithParams()
#5 C:\wamp64\www\yii\framework\web\CController.php(286): SiteController->runAction()
#6 C:\wamp64\www\yii\framework\web\CController.php(265): SiteController->runActionWithFilters()
#7 C:\wamp64\www\yii\framework\web\CWebApplication.php(282): SiteController->run()
#8 C:\wamp64\www\yii\framework\web\CWebApplication.php(141): CWebApplication->runController()
#9 C:\wamp64\www\yii\framework\base\CApplication.php(185): CWebApplication->processRequest()
#10 C:\wamp64\www\realestatetaxbillingsystem\index.php(13): CWebApplication->run()
REQUEST_URI=/realestatetaxbillingsystem/
in C:\wamp64\www\realestatetaxbillingsystem\protected\views\site\index.php (7)
in C:\wamp64\www\realestatetaxbillingsystem\protected\controllers\SiteController.php (32)
in C:\wamp64\www\realestatetaxbillingsystem\index.php (13)
2017/04/03 10:41:55 [error] [php] Array to string conversion (C:\wamp64\www\realestatetaxbillingsystem\protected\views\site\index.php:7)
Stack trace:
#0 C:\wamp64\www\yii\framework\web\CController.php(869): SiteController->renderFile()
#1 C:\wamp64\www\yii\framework\web\CController.php(782): SiteController->renderPartial()
#2 C:\wamp64\www\realestatetaxbillingsystem\protected\controllers\SiteController.php(32): SiteController->render()
#3 C:\wamp64\www\yii\framework\web\actions\CInlineAction.php(49): SiteController->actionIndex()
#4 C:\wamp64\www\yii\framework\web\CController.php(308): CInlineAction->runWithParams()
#5 C:\wamp64\www\yii\framework\web\CController.php(286): SiteController->runAction()
#6 C:\wamp64\www\yii\framework\web\CController.php(265): SiteController->runActionWithFilters()
#7 C:\wamp64\www\yii\framework\web\CWebApplication.php(282): SiteController->run()
#8 C:\wamp64\www\yii\framework\web\CWebApplication.php(141): CWebApplication->runController()
#9 C:\wamp64\www\yii\framework\base\CApplication.php(185): CWebApplication->processRequest()
#10 C:\wamp64\www\realestatetaxbillingsystem\index.php(13): CWebApplication->run()
REQUEST_URI=/realestatetaxbillingsystem/
in C:\wamp64\www\realestatetaxbillingsystem\protected\views\site\index.php (7)
in C:\wamp64\www\realestatetaxbillingsystem\protected\controllers\SiteController.php (32)
in C:\wamp64\www\realestatetaxbillingsystem\index.php (13)
2017/04/03 10:51:07 [error] [php] Array to string conversion (C:\wamp64\www\realestatetaxbillingsystem\protected\views\site\index.php:7)
Stack trace:
#0 C:\wamp64\www\yii\framework\web\CController.php(869): SiteController->renderFile()
#1 C:\wamp64\www\yii\framework\web\CController.php(782): SiteController->renderPartial()
#2 C:\wamp64\www\realestatetaxbillingsystem\protected\controllers\SiteController.php(32): SiteController->render()
#3 C:\wamp64\www\yii\framework\web\actions\CInlineAction.php(49): SiteController->actionIndex()
#4 C:\wamp64\www\yii\framework\web\CController.php(308): CInlineAction->runWithParams()
#5 C:\wamp64\www\yii\framework\web\CController.php(286): SiteController->runAction()
#6 C:\wamp64\www\yii\framework\web\CController.php(265): SiteController->runActionWithFilters()
#7 C:\wamp64\www\yii\framework\web\CWebApplication.php(282): SiteController->run()
#8 C:\wamp64\www\yii\framework\web\CWebApplication.php(141): CWebApplication->runController()
#9 C:\wamp64\www\yii\framework\base\CApplication.php(185): CWebApplication->processRequest()
#10 C:\wamp64\www\realestatetaxbillingsystem\index.php(13): CWebApplication->run()
REQUEST_URI=/realestatetaxbillingsystem/
in C:\wamp64\www\realestatetaxbillingsystem\protected\views\site\index.php (7)
in C:\wamp64\www\realestatetaxbillingsystem\protected\controllers\SiteController.php (32)
in C:\wamp64\www\realestatetaxbillingsystem\index.php (13)
2017/04/03 10:51:08 [error] [php] Array to string conversion (C:\wamp64\www\realestatetaxbillingsystem\protected\views\site\index.php:7)
Stack trace:
#0 C:\wamp64\www\yii\framework\web\CController.php(869): SiteController->renderFile()
#1 C:\wamp64\www\yii\framework\web\CController.php(782): SiteController->renderPartial()
#2 C:\wamp64\www\realestatetaxbillingsystem\protected\controllers\SiteController.php(32): SiteController->render()
#3 C:\wamp64\www\yii\framework\web\actions\CInlineAction.php(49): SiteController->actionIndex()
#4 C:\wamp64\www\yii\framework\web\CController.php(308): CInlineAction->runWithParams()
#5 C:\wamp64\www\yii\framework\web\CController.php(286): SiteController->runAction()
#6 C:\wamp64\www\yii\framework\web\CController.php(265): SiteController->runActionWithFilters()
#7 C:\wamp64\www\yii\framework\web\CWebApplication.php(282): SiteController->run()
#8 C:\wamp64\www\yii\framework\web\CWebApplication.php(141): CWebApplication->runController()
#9 C:\wamp64\www\yii\framework\base\CApplication.php(185): CWebApplication->processRequest()
#10 C:\wamp64\www\realestatetaxbillingsystem\index.php(13): CWebApplication->run()
REQUEST_URI=/realestatetaxbillingsystem/
in C:\wamp64\www\realestatetaxbillingsystem\protected\views\site\index.php (7)
in C:\wamp64\www\realestatetaxbillingsystem\protected\controllers\SiteController.php (32)
in C:\wamp64\www\realestatetaxbillingsystem\index.php (13)
2017/04/03 10:52:38 [error] [exception.CException] exception 'CException' with message 'Property "User.username" is not defined.' in C:\wamp64\www\yii\framework\base\CComponent.php:130
Stack trace:
#0 C:\wamp64\www\yii\framework\db\ar\CActiveRecord.php(145): CComponent->__get('username')
#1 C:\wamp64\www\realestatetaxbillingsystem\protected\views\site\index.php(8): CActiveRecord->__get('username')
#2 C:\wamp64\www\yii\framework\web\CBaseController.php(126): require('C:\\wamp64\\www\\r...')
#3 C:\wamp64\www\yii\framework\web\CBaseController.php(95): CBaseController->renderInternal('C:\\wamp64\\www\\r...', NULL, true)
#4 C:\wamp64\www\yii\framework\web\CController.php(869): CBaseController->renderFile('C:\\wamp64\\www\\r...', NULL, true)
#5 C:\wamp64\www\yii\framework\web\CController.php(782): CController->renderPartial('index', NULL, true)
#6 C:\wamp64\www\realestatetaxbillingsystem\protected\controllers\SiteController.php(32): CController->render('index')
#7 C:\wamp64\www\yii\framework\web\actions\CInlineAction.php(49): SiteController->actionIndex()
#8 C:\wamp64\www\yii\framework\web\CController.php(308): CInlineAction->runWithParams(Array)
#9 C:\wamp64\www\yii\framework\web\CController.php(286): CController->runAction(Object(CInlineAction))
#10 C:\wamp64\www\yii\framework\web\CController.php(265): CController->runActionWithFilters(Object(CInlineAction), Array)
#11 C:\wamp64\www\yii\framework\web\CWebApplication.php(282): CController->run('')
#12 C:\wamp64\www\yii\framework\web\CWebApplication.php(141): CWebApplication->runController('')
#13 C:\wamp64\www\yii\framework\base\CApplication.php(185): CWebApplication->processRequest()
#14 C:\wamp64\www\realestatetaxbillingsystem\index.php(13): CApplication->run()
#15 {main}
REQUEST_URI=/realestatetaxbillingsystem/
---
2017/04/03 11:06:33 [error] [exception.CException] exception 'CException' with message 'Property "User.user_password" is not defined.' in C:\wamp64\www\yii\framework\base\CComponent.php:130
Stack trace:
#0 C:\wamp64\www\yii\framework\db\ar\CActiveRecord.php(145): CComponent->__get('user_password')
#1 C:\wamp64\www\realestatetaxbillingsystem\protected\views\site\index.php(33): CActiveRecord->__get('user_password')
#2 C:\wamp64\www\yii\framework\web\CBaseController.php(126): require('C:\\wamp64\\www\\r...')
#3 C:\wamp64\www\yii\framework\web\CBaseController.php(95): CBaseController->renderInternal('C:\\wamp64\\www\\r...', NULL, true)
#4 C:\wamp64\www\yii\framework\web\CController.php(869): CBaseController->renderFile('C:\\wamp64\\www\\r...', NULL, true)
#5 C:\wamp64\www\yii\framework\web\CController.php(782): CController->renderPartial('index', NULL, true)
#6 C:\wamp64\www\realestatetaxbillingsystem\protected\controllers\SiteController.php(32): CController->render('index')
#7 C:\wamp64\www\yii\framework\web\actions\CInlineAction.php(49): SiteController->actionIndex()
#8 C:\wamp64\www\yii\framework\web\CController.php(308): CInlineAction->runWithParams(Array)
#9 C:\wamp64\www\yii\framework\web\CController.php(286): CController->runAction(Object(CInlineAction))
#10 C:\wamp64\www\yii\framework\web\CController.php(265): CController->runActionWithFilters(Object(CInlineAction), Array)
#11 C:\wamp64\www\yii\framework\web\CWebApplication.php(282): CController->run('')
#12 C:\wamp64\www\yii\framework\web\CWebApplication.php(141): CWebApplication->runController('')
#13 C:\wamp64\www\yii\framework\base\CApplication.php(185): CWebApplication->processRequest()
#14 C:\wamp64\www\realestatetaxbillingsystem\index.php(13): CApplication->run()
#15 {main}
REQUEST_URI=/realestatetaxbillingsystem/
---
2017/04/03 11:48:44 [error] [exception.CException] exception 'CException' with message 'SiteController cannot find the requested view "index".' in C:\wamp64\www\yii\framework\web\CController.php:878
Stack trace:
#0 C:\wamp64\www\yii\framework\web\CController.php(782): CController->renderPartial('index', NULL, true)
#1 C:\wamp64\www\realestatetaxbillingsystem\protected\controllers\SiteController.php(32): CController->render('index')
#2 C:\wamp64\www\yii\framework\web\actions\CInlineAction.php(49): SiteController->actionIndex()
#3 C:\wamp64\www\yii\framework\web\CController.php(308): CInlineAction->runWithParams(Array)
#4 C:\wamp64\www\yii\framework\web\CController.php(286): CController->runAction(Object(CInlineAction))
#5 C:\wamp64\www\yii\framework\web\CController.php(265): CController->runActionWithFilters(Object(CInlineAction), Array)
#6 C:\wamp64\www\yii\framework\web\CWebApplication.php(282): CController->run('index')
#7 C:\wamp64\www\yii\framework\web\CWebApplication.php(141): CWebApplication->runController('site/index')
#8 C:\wamp64\www\yii\framework\base\CApplication.php(185): CWebApplication->processRequest()
#9 C:\wamp64\www\realestatetaxbillingsystem\index.php(13): CApplication->run()
#10 {main}
REQUEST_URI=/realestatetaxbillingsystem/index.php?r=site/index
HTTP_REFERER=http://localhost/realestatetaxbillingsystem/index.php?r=site/page&view=about
---
2017/04/03 11:48:45 [error] [exception.CException] exception 'CException' with message 'SiteController cannot find the requested view "index".' in C:\wamp64\www\yii\framework\web\CController.php:878
Stack trace:
#0 C:\wamp64\www\yii\framework\web\CController.php(782): CController->renderPartial('index', NULL, true)
#1 C:\wamp64\www\realestatetaxbillingsystem\protected\controllers\SiteController.php(32): CController->render('index')
#2 C:\wamp64\www\yii\framework\web\actions\CInlineAction.php(49): SiteController->actionIndex()
#3 C:\wamp64\www\yii\framework\web\CController.php(308): CInlineAction->runWithParams(Array)
#4 C:\wamp64\www\yii\framework\web\CController.php(286): CController->runAction(Object(CInlineAction))
#5 C:\wamp64\www\yii\framework\web\CController.php(265): CController->runActionWithFilters(Object(CInlineAction), Array)
#6 C:\wamp64\www\yii\framework\web\CWebApplication.php(282): CController->run('index')
#7 C:\wamp64\www\yii\framework\web\CWebApplication.php(141): CWebApplication->runController('site/index')
#8 C:\wamp64\www\yii\framework\base\CApplication.php(185): CWebApplication->processRequest()
#9 C:\wamp64\www\realestatetaxbillingsystem\index.php(13): CApplication->run()
#10 {main}
REQUEST_URI=/realestatetaxbillingsystem/index.php?r=site/index
HTTP_REFERER=http://localhost/realestatetaxbillingsystem/index.php?r=site/page&view=about
---
2017/04/03 11:57:39 [error] [exception.CHttpException.404] exception 'CHttpException' with message 'The system is unable to find the requested action "admin".' in C:\wamp64\www\yii\framework\web\CController.php:483
Stack trace:
#0 C:\wamp64\www\yii\framework\web\CController.php(270): CController->missingAction('admin')
#1 C:\wamp64\www\yii\framework\web\CWebApplication.php(282): CController->run('admin')
#2 C:\wamp64\www\yii\framework\web\CWebApplication.php(141): CWebApplication->runController('site/admin')
#3 C:\wamp64\www\yii\framework\base\CApplication.php(185): CWebApplication->processRequest()
#4 C:\wamp64\www\realestatetaxbillingsystem\index.php(13): CApplication->run()
#5 {main}
REQUEST_URI=/realestatetaxbillingsystem/index.php?r=site/admin&view=taxpayer
HTTP_REFERER=http://localhost/realestatetaxbillingsystem/index.php?r=site/index
---
2017/04/03 11:58:23 [error] [exception.CHttpException.404] exception 'CHttpException' with message 'The system is unable to find the requested action "admin".' in C:\wamp64\www\yii\framework\web\CController.php:483
Stack trace:
#0 C:\wamp64\www\yii\framework\web\CController.php(270): CController->missingAction('admin')
#1 C:\wamp64\www\yii\framework\web\CWebApplication.php(282): CController->run('admin')
#2 C:\wamp64\www\yii\framework\web\CWebApplication.php(141): CWebApplication->runController('site/admin')
#3 C:\wamp64\www\yii\framework\base\CApplication.php(185): CWebApplication->processRequest()
#4 C:\wamp64\www\realestatetaxbillingsystem\index.php(13): CApplication->run()
#5 {main}
REQUEST_URI=/realestatetaxbillingsystem/index.php?r=site/admin&view=taxpayer
HTTP_REFERER=http://localhost/realestatetaxbillingsystem/index.php?r=site/index
---
2017/04/03 12:00:31 [error] [exception.CHttpException.404] exception 'CHttpException' with message 'The system is unable to find the requested action "admin".' in C:\wamp64\www\yii\framework\web\CController.php:483
Stack trace:
#0 C:\wamp64\www\yii\framework\web\CController.php(270): CController->missingAction('admin')
#1 C:\wamp64\www\yii\framework\web\CWebApplication.php(282): CController->run('admin')
#2 C:\wamp64\www\yii\framework\web\CWebApplication.php(141): CWebApplication->runController('site/admin')
#3 C:\wamp64\www\yii\framework\base\CApplication.php(185): CWebApplication->processRequest()
#4 C:\wamp64\www\realestatetaxbillingsystem\index.php(13): CApplication->run()
#5 {main}
REQUEST_URI=/realestatetaxbillingsystem/index.php?r=site/admin&view=taxpayer
HTTP_REFERER=http://localhost/realestatetaxbillingsystem/index.php?r=site/index
---
2017/04/03 12:02:01 [error] [exception.CHttpException.404] exception 'CHttpException' with message 'The system is unable to find the requested action "admin".' in C:\wamp64\www\yii\framework\web\CController.php:483
Stack trace:
#0 C:\wamp64\www\yii\framework\web\CController.php(270): CController->missingAction('admin')
#1 C:\wamp64\www\yii\framework\web\CWebApplication.php(282): CController->run('admin')
#2 C:\wamp64\www\yii\framework\web\CWebApplication.php(141): CWebApplication->runController('site/admin')
#3 C:\wamp64\www\yii\framework\base\CApplication.php(185): CWebApplication->processRequest()
#4 C:\wamp64\www\realestatetaxbillingsystem\index.php(13): CApplication->run()
#5 {main}
REQUEST_URI=/realestatetaxbillingsystem/index.php?r=site/admin&view=taxpayer
HTTP_REFERER=http://localhost/realestatetaxbillingsystem/index.php?r=site/index
---
2017/04/03 12:02:19 [error] [exception.CHttpException.404] exception 'CHttpException' with message 'The system is unable to find the requested action "admin".' in C:\wamp64\www\yii\framework\web\CController.php:483
Stack trace:
#0 C:\wamp64\www\yii\framework\web\CController.php(270): CController->missingAction('admin')
#1 C:\wamp64\www\yii\framework\web\CWebApplication.php(282): CController->run('admin')
#2 C:\wamp64\www\yii\framework\web\CWebApplication.php(141): CWebApplication->runController('site/admin')
#3 C:\wamp64\www\yii\framework\base\CApplication.php(185): CWebApplication->processRequest()
#4 C:\wamp64\www\realestatetaxbillingsystem\index.php(13): CApplication->run()
#5 {main}
REQUEST_URI=/realestatetaxbillingsystem/index.php?r=site/admin&view=taxpayer
HTTP_REFERER=http://localhost/realestatetaxbillingsystem/index.php?r=site/index
---
2017/04/03 12:02:22 [error] [exception.CHttpException.404] exception 'CHttpException' with message 'The system is unable to find the requested action "admin".' in C:\wamp64\www\yii\framework\web\CController.php:483
Stack trace:
#0 C:\wamp64\www\yii\framework\web\CController.php(270): CController->missingAction('admin')
#1 C:\wamp64\www\yii\framework\web\CWebApplication.php(282): CController->run('admin')
#2 C:\wamp64\www\yii\framework\web\CWebApplication.php(141): CWebApplication->runController('site/admin')
#3 C:\wamp64\www\yii\framework\base\CApplication.php(185): CWebApplication->processRequest()
#4 C:\wamp64\www\realestatetaxbillingsystem\index.php(13): CApplication->run()
#5 {main}
REQUEST_URI=/realestatetaxbillingsystem/index.php?r=site/admin&view=taxpayer
HTTP_REFERER=http://localhost/realestatetaxbillingsystem/index.php?r=site/index
---
2017/04/03 12:02:22 [error] [exception.CHttpException.404] exception 'CHttpException' with message 'The system is unable to find the requested action "admin".' in C:\wamp64\www\yii\framework\web\CController.php:483
Stack trace:
#0 C:\wamp64\www\yii\framework\web\CController.php(270): CController->missingAction('admin')
#1 C:\wamp64\www\yii\framework\web\CWebApplication.php(282): CController->run('admin')
#2 C:\wamp64\www\yii\framework\web\CWebApplication.php(141): CWebApplication->runController('site/admin')
#3 C:\wamp64\www\yii\framework\base\CApplication.php(185): CWebApplication->processRequest()
#4 C:\wamp64\www\realestatetaxbillingsystem\index.php(13): CApplication->run()
#5 {main}
REQUEST_URI=/realestatetaxbillingsystem/index.php?r=site/admin&view=taxpayer
HTTP_REFERER=http://localhost/realestatetaxbillingsystem/index.php?r=site/index
---
2017/04/03 12:02:43 [error] [exception.CHttpException.404] exception 'CHttpException' with message 'The system is unable to find the requested action "admin".' in C:\wamp64\www\yii\framework\web\CController.php:483
Stack trace:
#0 C:\wamp64\www\yii\framework\web\CController.php(270): CController->missingAction('admin')
#1 C:\wamp64\www\yii\framework\web\CWebApplication.php(282): CController->run('admin')
#2 C:\wamp64\www\yii\framework\web\CWebApplication.php(141): CWebApplication->runController('site/admin')
#3 C:\wamp64\www\yii\framework\base\CApplication.php(185): CWebApplication->processRequest()
#4 C:\wamp64\www\realestatetaxbillingsystem\index.php(13): CApplication->run()
#5 {main}
REQUEST_URI=/realestatetaxbillingsystem/index.php?r=site/admin&view=taxpayer
HTTP_REFERER=http://localhost/realestatetaxbillingsystem/
---
2017/04/03 12:03:36 [error] [exception.CHttpException.404] exception 'CHttpException' with message 'The system is unable to find the requested action "admin".' in C:\wamp64\www\yii\framework\web\CController.php:483
Stack trace:
#0 C:\wamp64\www\yii\framework\web\CController.php(270): CController->missingAction('admin')
#1 C:\wamp64\www\yii\framework\web\CWebApplication.php(282): CController->run('admin')
#2 C:\wamp64\www\yii\framework\web\CWebApplication.php(141): CWebApplication->runController('site/admin')
#3 C:\wamp64\www\yii\framework\base\CApplication.php(185): CWebApplication->processRequest()
#4 C:\wamp64\www\realestatetaxbillingsystem\index.php(13): CApplication->run()
#5 {main}
REQUEST_URI=/realestatetaxbillingsystem/index.php?r=site/admin&view=taxpayer
HTTP_REFERER=http://localhost/realestatetaxbillingsystem/
---
2017/04/03 12:03:37 [error] [exception.CHttpException.404] exception 'CHttpException' with message 'The system is unable to find the requested action "admin".' in C:\wamp64\www\yii\framework\web\CController.php:483
Stack trace:
#0 C:\wamp64\www\yii\framework\web\CController.php(270): CController->missingAction('admin')
#1 C:\wamp64\www\yii\framework\web\CWebApplication.php(282): CController->run('admin')
#2 C:\wamp64\www\yii\framework\web\CWebApplication.php(141): CWebApplication->runController('site/admin')
#3 C:\wamp64\www\yii\framework\base\CApplication.php(185): CWebApplication->processRequest()
#4 C:\wamp64\www\realestatetaxbillingsystem\index.php(13): CApplication->run()
#5 {main}
REQUEST_URI=/realestatetaxbillingsystem/index.php?r=site/admin&view=taxpayer
HTTP_REFERER=http://localhost/realestatetaxbillingsystem/
---
2017/04/03 12:03:37 [error] [exception.CHttpException.404] exception 'CHttpException' with message 'The system is unable to find the requested action "admin".' in C:\wamp64\www\yii\framework\web\CController.php:483
Stack trace:
#0 C:\wamp64\www\yii\framework\web\CController.php(270): CController->missingAction('admin')
#1 C:\wamp64\www\yii\framework\web\CWebApplication.php(282): CController->run('admin')
#2 C:\wamp64\www\yii\framework\web\CWebApplication.php(141): CWebApplication->runController('site/admin')
#3 C:\wamp64\www\yii\framework\base\CApplication.php(185): CWebApplication->processRequest()
#4 C:\wamp64\www\realestatetaxbillingsystem\index.php(13): CApplication->run()
#5 {main}
REQUEST_URI=/realestatetaxbillingsystem/index.php?r=site/admin&view=taxpayer
HTTP_REFERER=http://localhost/realestatetaxbillingsystem/
---
2017/04/03 12:03:46 [error] [exception.CHttpException.404] exception 'CHttpException' with message 'The system is unable to find the requested action "admin".' in C:\wamp64\www\yii\framework\web\CController.php:483
Stack trace:
#0 C:\wamp64\www\yii\framework\web\CController.php(270): CController->missingAction('admin')
#1 C:\wamp64\www\yii\framework\web\CWebApplication.php(282): CController->run('admin')
#2 C:\wamp64\www\yii\framework\web\CWebApplication.php(141): CWebApplication->runController('site/admin/inde...')
#3 C:\wamp64\www\yii\framework\base\CApplication.php(185): CWebApplication->processRequest()
#4 C:\wamp64\www\realestatetaxbillingsystem\index.php(13): CApplication->run()
#5 {main}
REQUEST_URI=/realestatetaxbillingsystem/index.php?r=site/admin/index
HTTP_REFERER=http://localhost/realestatetaxbillingsystem/index.php?r=site/contact
---
2017/04/03 14:45:54 [error] [exception.CException] exception 'CException' with message 'SiteController cannot find the requested view "admin/index".' in C:\wamp64\www\yii\framework\web\CController.php:878
Stack trace:
#0 C:\wamp64\www\yii\framework\web\CController.php(782): CController->renderPartial('admin/index', NULL, true)
#1 C:\wamp64\www\realestatetaxbillingsystem\protected\controllers\SiteController.php(32): CController->render('admin/index')
#2 C:\wamp64\www\yii\framework\web\actions\CInlineAction.php(49): SiteController->actionIndex()
#3 C:\wamp64\www\yii\framework\web\CController.php(308): CInlineAction->runWithParams(Array)
#4 C:\wamp64\www\yii\framework\web\CController.php(286): CController->runAction(Object(CInlineAction))
#5 C:\wamp64\www\yii\framework\web\CController.php(265): CController->runActionWithFilters(Object(CInlineAction), Array)
#6 C:\wamp64\www\yii\framework\web\CWebApplication.php(282): CController->run('')
#7 C:\wamp64\www\yii\framework\web\CWebApplication.php(141): CWebApplication->runController('')
#8 C:\wamp64\www\yii\framework\base\CApplication.php(185): CWebApplication->processRequest()
#9 C:\wamp64\www\realestatetaxbillingsystem\index.php(13): CApplication->run()
#10 {main}
REQUEST_URI=/realestatetaxbillingsystem/
---
2017/04/03 14:46:30 [error] [exception.CHttpException.404] exception 'CHttpException' with message 'The system is unable to find the requested action "taxpayer".' in C:\wamp64\www\yii\framework\web\CController.php:483
Stack trace:
#0 C:\wamp64\www\yii\framework\web\CController.php(270): CController->missingAction('taxpayer')
#1 C:\wamp64\www\yii\framework\web\CWebApplication.php(282): CController->run('taxpayer')
#2 C:\wamp64\www\yii\framework\web\CWebApplication.php(141): CWebApplication->runController('site/taxpayer')
#3 C:\wamp64\www\yii\framework\base\CApplication.php(185): CWebApplication->processRequest()
#4 C:\wamp64\www\realestatetaxbillingsystem\index.php(13): CApplication->run()
#5 {main}
REQUEST_URI=/realestatetaxbillingsystem/index.php?r=site/taxpayer
HTTP_REFERER=http://localhost/realestatetaxbillingsystem/
---
2017/04/03 15:00:23 [error] [system.db.CDbCommand] CDbCommand::fetch() failed: SQLSTATE[42S22]: Column not found: 1054 Unknown column 'username' in 'where clause'. The SQL statement executed was: SELECT * FROM `user` `t` WHERE username=:name OR password=:name LIMIT 1.
in C:\wamp64\www\realestatetaxbillingsystem\protected\components\UserIdentity.php (24)
in C:\wamp64\www\realestatetaxbillingsystem\protected\models\LoginForm.php (52)
in C:\wamp64\www\realestatetaxbillingsystem\protected\controllers\SiteController.php (94)
2017/04/03 15:00:23 [error] [exception.CDbException] exception 'CDbException' with message 'CDbCommand failed to execute the SQL statement: SQLSTATE[42S22]: Column not found: 1054 Unknown column 'username' in 'where clause'. The SQL statement executed was: SELECT * FROM `user` `t` WHERE username=:name OR password=:name LIMIT 1' in C:\wamp64\www\yii\framework\db\CDbCommand.php:543
Stack trace:
#0 C:\wamp64\www\yii\framework\db\CDbCommand.php(415): CDbCommand->queryInternal('fetch', Array, Array)
#1 C:\wamp64\www\yii\framework\db\ar\CActiveRecord.php(1356): CDbCommand->queryRow()
#2 C:\wamp64\www\yii\framework\db\ar\CActiveRecord.php(1461): CActiveRecord->query(Object(CDbCriteria))
#3 C:\wamp64\www\realestatetaxbillingsystem\protected\components\UserIdentity.php(24): CActiveRecord->find('username=:name ...', Array)
#4 C:\wamp64\www\realestatetaxbillingsystem\protected\models\LoginForm.php(52): UserIdentity->authenticate()
#5 C:\wamp64\www\yii\framework\validators\CInlineValidator.php(42): LoginForm->authenticate('password', Array)
#6 C:\wamp64\www\yii\framework\validators\CValidator.php(201): CInlineValidator->validateAttribute(Object(LoginForm), 'password')
#7 C:\wamp64\www\yii\framework\base\CModel.php(159): CValidator->validate(Object(LoginForm), NULL)
#8 C:\wamp64\www\realestatetaxbillingsystem\protected\controllers\SiteController.php(94): CModel->validate()
#9 C:\wamp64\www\yii\framework\web\actions\CInlineAction.php(49): SiteController->actionLogin()
#10 C:\wamp64\www\yii\framework\web\CController.php(308): CInlineAction->runWithParams(Array)
#11 C:\wamp64\www\yii\framework\web\CController.php(286): CController->runAction(Object(CInlineAction))
#12 C:\wamp64\www\yii\framework\web\CController.php(265): CController->runActionWithFilters(Object(CInlineAction), Array)
#13 C:\wamp64\www\yii\framework\web\CWebApplication.php(282): CController->run('login')
#14 C:\wamp64\www\yii\framework\web\CWebApplication.php(141): CWebApplication->runController('site/login')
#15 C:\wamp64\www\yii\framework\base\CApplication.php(185): CWebApplication->processRequest()
#16 C:\wamp64\www\realestatetaxbillingsystem\index.php(13): CApplication->run()
#17 {main}
REQUEST_URI=/realestatetaxbillingsystem/index.php?r=site/login
HTTP_REFERER=http://localhost/realestatetaxbillingsystem/index.php?r=site/login
---
2017/04/03 15:02:25 [error] [system.db.CDbCommand] CDbCommand::fetch() failed: SQLSTATE[42S22]: Column not found: 1054 Unknown column 'username' in 'where clause'. The SQL statement executed was: SELECT * FROM `user` `t` WHERE username=:name OR password=:name LIMIT 1.
in C:\wamp64\www\realestatetaxbillingsystem\protected\components\UserIdentity.php (24)
in C:\wamp64\www\realestatetaxbillingsystem\protected\models\LoginForm.php (52)
in C:\wamp64\www\realestatetaxbillingsystem\protected\controllers\SiteController.php (94)
2017/04/03 15:02:25 [error] [exception.CDbException] exception 'CDbException' with message 'CDbCommand failed to execute the SQL statement: SQLSTATE[42S22]: Column not found: 1054 Unknown column 'username' in 'where clause'. The SQL statement executed was: SELECT * FROM `user` `t` WHERE username=:name OR password=:name LIMIT 1' in C:\wamp64\www\yii\framework\db\CDbCommand.php:543
Stack trace:
#0 C:\wamp64\www\yii\framework\db\CDbCommand.php(415): CDbCommand->queryInternal('fetch', Array, Array)
#1 C:\wamp64\www\yii\framework\db\ar\CActiveRecord.php(1356): CDbCommand->queryRow()
#2 C:\wamp64\www\yii\framework\db\ar\CActiveRecord.php(1461): CActiveRecord->query(Object(CDbCriteria))
#3 C:\wamp64\www\realestatetaxbillingsystem\protected\components\UserIdentity.php(24): CActiveRecord->find('username=:name ...', Array)
#4 C:\wamp64\www\realestatetaxbillingsystem\protected\models\LoginForm.php(52): UserIdentity->authenticate()
#5 C:\wamp64\www\yii\framework\validators\CInlineValidator.php(42): LoginForm->authenticate('password', Array)
#6 C:\wamp64\www\yii\framework\validators\CValidator.php(201): CInlineValidator->validateAttribute(Object(LoginForm), 'password')
#7 C:\wamp64\www\yii\framework\base\CModel.php(159): CValidator->validate(Object(LoginForm), NULL)
#8 C:\wamp64\www\realestatetaxbillingsystem\protected\controllers\SiteController.php(94): CModel->validate()
#9 C:\wamp64\www\yii\framework\web\actions\CInlineAction.php(49): SiteController->actionLogin()
#10 C:\wamp64\www\yii\framework\web\CController.php(308): CInlineAction->runWithParams(Array)
#11 C:\wamp64\www\yii\framework\web\CController.php(286): CController->runAction(Object(CInlineAction))
#12 C:\wamp64\www\yii\framework\web\CController.php(265): CController->runActionWithFilters(Object(CInlineAction), Array)
#13 C:\wamp64\www\yii\framework\web\CWebApplication.php(282): CController->run('login')
#14 C:\wamp64\www\yii\framework\web\CWebApplication.php(141): CWebApplication->runController('site/login')
#15 C:\wamp64\www\yii\framework\base\CApplication.php(185): CWebApplication->processRequest()
#16 C:\wamp64\www\realestatetaxbillingsystem\index.php(13): CApplication->run()
#17 {main}
REQUEST_URI=/realestatetaxbillingsystem/index.php?r=site/login
HTTP_REFERER=http://localhost/realestatetaxbillingsystem/index.php?r=site/login
---
2017/04/03 15:03:46 [error] [exception.CException] exception 'CException' with message 'Property "UserIdentity.user_name" is not defined.' in C:\wamp64\www\yii\framework\base\CComponent.php:130
Stack trace:
#0 C:\wamp64\www\realestatetaxbillingsystem\protected\components\UserIdentity.php(23): CComponent->__get('user_name')
#1 C:\wamp64\www\realestatetaxbillingsystem\protected\models\LoginForm.php(52): UserIdentity->authenticate()
#2 C:\wamp64\www\yii\framework\validators\CInlineValidator.php(42): LoginForm->authenticate('password', Array)
#3 C:\wamp64\www\yii\framework\validators\CValidator.php(201): CInlineValidator->validateAttribute(Object(LoginForm), 'password')
#4 C:\wamp64\www\yii\framework\base\CModel.php(159): CValidator->validate(Object(LoginForm), NULL)
#5 C:\wamp64\www\realestatetaxbillingsystem\protected\controllers\SiteController.php(94): CModel->validate()
#6 C:\wamp64\www\yii\framework\web\actions\CInlineAction.php(49): SiteController->actionLogin()
#7 C:\wamp64\www\yii\framework\web\CController.php(308): CInlineAction->runWithParams(Array)
#8 C:\wamp64\www\yii\framework\web\CController.php(286): CController->runAction(Object(CInlineAction))
#9 C:\wamp64\www\yii\framework\web\CController.php(265): CController->runActionWithFilters(Object(CInlineAction), Array)
#10 C:\wamp64\www\yii\framework\web\CWebApplication.php(282): CController->run('login')
#11 C:\wamp64\www\yii\framework\web\CWebApplication.php(141): CWebApplication->runController('site/login')
#12 C:\wamp64\www\yii\framework\base\CApplication.php(185): CWebApplication->processRequest()
#13 C:\wamp64\www\realestatetaxbillingsystem\index.php(13): CApplication->run()
#14 {main}
REQUEST_URI=/realestatetaxbillingsystem/index.php?r=site/login
HTTP_REFERER=http://localhost/realestatetaxbillingsystem/index.php?r=site/login
---
2017/04/03 15:05:05 [error] [php] Undefined variable: user (C:\wamp64\www\realestatetaxbillingsystem\protected\components\UserIdentity.php:33)
Stack trace:
#0 C:\wamp64\www\yii\framework\validators\CValidator.php(201): CInlineValidator->validateAttribute()
#1 C:\wamp64\www\yii\framework\base\CModel.php(159): CInlineValidator->validate()
#2 C:\wamp64\www\realestatetaxbillingsystem\protected\controllers\SiteController.php(94): LoginForm->validate()
#3 C:\wamp64\www\yii\framework\web\actions\CInlineAction.php(49): SiteController->actionLogin()
#4 C:\wamp64\www\yii\framework\web\CController.php(308): CInlineAction->runWithParams()
#5 C:\wamp64\www\yii\framework\web\CController.php(286): SiteController->runAction()
#6 C:\wamp64\www\yii\framework\web\CController.php(265): SiteController->runActionWithFilters()
#7 C:\wamp64\www\yii\framework\web\CWebApplication.php(282): SiteController->run()
#8 C:\wamp64\www\yii\framework\web\CWebApplication.php(141): CWebApplication->runController()
#9 C:\wamp64\www\yii\framework\base\CApplication.php(185): CWebApplication->processRequest()
#10 C:\wamp64\www\realestatetaxbillingsystem\index.php(13): CWebApplication->run()
REQUEST_URI=/realestatetaxbillingsystem/index.php?r=site/login
in C:\wamp64\www\realestatetaxbillingsystem\protected\components\UserIdentity.php (33)
in C:\wamp64\www\realestatetaxbillingsystem\protected\models\LoginForm.php (52)
in C:\wamp64\www\realestatetaxbillingsystem\protected\controllers\SiteController.php (94)
2017/04/03 15:12:52 [error] [exception.CException] exception 'CException' with message 'Property "UserIdentity.user_name" is not defined.' in C:\wamp64\www\yii\framework\base\CComponent.php:130
Stack trace:
#0 C:\wamp64\www\realestatetaxbillingsystem\protected\components\UserIdentity.php(21): CComponent->__get('user_name')
#1 C:\wamp64\www\realestatetaxbillingsystem\protected\models\LoginForm.php(52): UserIdentity->authenticate()
#2 C:\wamp64\www\yii\framework\validators\CInlineValidator.php(42): LoginForm->authenticate('password', Array)
#3 C:\wamp64\www\yii\framework\validators\CValidator.php(201): CInlineValidator->validateAttribute(Object(LoginForm), 'password')
#4 C:\wamp64\www\yii\framework\base\CModel.php(159): CValidator->validate(Object(LoginForm), NULL)
#5 C:\wamp64\www\realestatetaxbillingsystem\protected\controllers\SiteController.php(94): CModel->validate()
#6 C:\wamp64\www\yii\framework\web\actions\CInlineAction.php(49): SiteController->actionLogin()
#7 C:\wamp64\www\yii\framework\web\CController.php(308): CInlineAction->runWithParams(Array)
#8 C:\wamp64\www\yii\framework\web\CController.php(286): CController->runAction(Object(CInlineAction))
#9 C:\wamp64\www\yii\framework\web\CController.php(265): CController->runActionWithFilters(Object(CInlineAction), Array)
#10 C:\wamp64\www\yii\framework\web\CWebApplication.php(282): CController->run('login')
#11 C:\wamp64\www\yii\framework\web\CWebApplication.php(141): CWebApplication->runController('site/login')
#12 C:\wamp64\www\yii\framework\base\CApplication.php(185): CWebApplication->processRequest()
#13 C:\wamp64\www\realestatetaxbillingsystem\index.php(13): CApplication->run()
#14 {main}
REQUEST_URI=/realestatetaxbillingsystem/index.php?r=site/login
HTTP_REFERER=http://localhost/realestatetaxbillingsystem/index.php?r=site/login
---
2017/04/03 15:14:33 [error] [exception.CDbException] exception 'CDbException' with message 'Table "user" does not have a column named "username".' in C:\wamp64\www\yii\framework\db\schema\CDbCommandBuilder.php:697
Stack trace:
#0 C:\wamp64\www\yii\framework\db\ar\CActiveRecord.php(1523): CDbCommandBuilder->createColumnCriteria(Object(CMysqlTableSchema), Array, '', Array, '`t`.')
#1 C:\wamp64\www\realestatetaxbillingsystem\protected\components\UserIdentity.php(22): CActiveRecord->findByAttributes(Array)
#2 C:\wamp64\www\realestatetaxbillingsystem\protected\models\LoginForm.php(52): UserIdentity->authenticate()
#3 C:\wamp64\www\yii\framework\validators\CInlineValidator.php(42): LoginForm->authenticate('password', Array)
#4 C:\wamp64\www\yii\framework\validators\CValidator.php(201): CInlineValidator->validateAttribute(Object(LoginForm), 'password')
#5 C:\wamp64\www\yii\framework\base\CModel.php(159): CValidator->validate(Object(LoginForm), NULL)
#6 C:\wamp64\www\realestatetaxbillingsystem\protected\controllers\SiteController.php(94): CModel->validate()
#7 C:\wamp64\www\yii\framework\web\actions\CInlineAction.php(49): SiteController->actionLogin()
#8 C:\wamp64\www\yii\framework\web\CController.php(308): CInlineAction->runWithParams(Array)
#9 C:\wamp64\www\yii\framework\web\CController.php(286): CController->runAction(Object(CInlineAction))
#10 C:\wamp64\www\yii\framework\web\CController.php(265): CController->runActionWithFilters(Object(CInlineAction), Array)
#11 C:\wamp64\www\yii\framework\web\CWebApplication.php(282): CController->run('login')
#12 C:\wamp64\www\yii\framework\web\CWebApplication.php(141): CWebApplication->runController('site/login')
#13 C:\wamp64\www\yii\framework\base\CApplication.php(185): CWebApplication->processRequest()
#14 C:\wamp64\www\realestatetaxbillingsystem\index.php(13): CApplication->run()
#15 {main}
REQUEST_URI=/realestatetaxbillingsystem/index.php?r=site/login
HTTP_REFERER=http://localhost/realestatetaxbillingsystem/index.php?r=site/login
---
2017/04/03 15:38:28 [error] [exception.CException] exception 'CException' with message 'Property "UserIdentity._id" is not defined.' in C:\wamp64\www\yii\framework\base\CComponent.php:173
Stack trace:
#0 C:\wamp64\www\realestatetaxbillingsystem\protected\components\UserIdentity.php(30): CComponent->__set('_id', 'admin')
#1 C:\wamp64\www\realestatetaxbillingsystem\protected\models\LoginForm.php(52): UserIdentity->authenticate()
#2 C:\wamp64\www\yii\framework\validators\CInlineValidator.php(42): LoginForm->authenticate('password', Array)
#3 C:\wamp64\www\yii\framework\validators\CValidator.php(201): CInlineValidator->validateAttribute(Object(LoginForm), 'password')
#4 C:\wamp64\www\yii\framework\base\CModel.php(159): CValidator->validate(Object(LoginForm), NULL)
#5 C:\wamp64\www\realestatetaxbillingsystem\protected\controllers\SiteController.php(94): CModel->validate()
#6 C:\wamp64\www\yii\framework\web\actions\CInlineAction.php(49): SiteController->actionLogin()
#7 C:\wamp64\www\yii\framework\web\CController.php(308): CInlineAction->runWithParams(Array)
#8 C:\wamp64\www\yii\framework\web\CController.php(286): CController->runAction(Object(CInlineAction))
#9 C:\wamp64\www\yii\framework\web\CController.php(265): CController->runActionWithFilters(Object(CInlineAction), Array)
#10 C:\wamp64\www\yii\framework\web\CWebApplication.php(282): CController->run('login')
#11 C:\wamp64\www\yii\framework\web\CWebApplication.php(141): CWebApplication->runController('site/login')
#12 C:\wamp64\www\yii\framework\base\CApplication.php(185): CWebApplication->processRequest()
#13 C:\wamp64\www\realestatetaxbillingsystem\index.php(13): CApplication->run()
#14 {main}
REQUEST_URI=/realestatetaxbillingsystem/index.php?r=site/login
HTTP_REFERER=http://localhost/realestatetaxbillingsystem/index.php?r=site/login
---
2017/04/03 15:46:48 [error] [exception.CException] exception 'CException' with message 'Property "CWebUser.userType" is not defined.' in C:\wamp64\www\yii\framework\base\CComponent.php:130
Stack trace:
#0 C:\wamp64\www\yii\framework\web\auth\CWebUser.php(146): CComponent->__get('userType')
#1 C:\wamp64\www\realestatetaxbillingsystem\protected\controllers\SiteController.php(96): CWebUser->__get('userType')
#2 C:\wamp64\www\yii\framework\web\actions\CInlineAction.php(49): SiteController->actionLogin()
#3 C:\wamp64\www\yii\framework\web\CController.php(308): CInlineAction->runWithParams(Array)
#4 C:\wamp64\www\yii\framework\web\CController.php(286): CController->runAction(Object(CInlineAction))
#5 C:\wamp64\www\yii\framework\web\CController.php(265): CController->runActionWithFilters(Object(CInlineAction), Array)
#6 C:\wamp64\www\yii\framework\web\CWebApplication.php(282): CController->run('login')
#7 C:\wamp64\www\yii\framework\web\CWebApplication.php(141): CWebApplication->runController('site/login')
#8 C:\wamp64\www\yii\framework\base\CApplication.php(185): CWebApplication->processRequest()
#9 C:\wamp64\www\realestatetaxbillingsystem\index.php(13): CApplication->run()
#10 {main}
REQUEST_URI=/realestatetaxbillingsystem/index.php?r=site/login
HTTP_REFERER=http://localhost/realestatetaxbillingsystem/index.php?r=site/login
---
2017/04/03 15:47:42 [error] [exception.CException] exception 'CException' with message 'Property "CWebUser.user_type" is not defined.' in C:\wamp64\www\yii\framework\base\CComponent.php:130
Stack trace:
#0 C:\wamp64\www\yii\framework\web\auth\CWebUser.php(146): CComponent->__get('user_type')
#1 C:\wamp64\www\realestatetaxbillingsystem\protected\controllers\SiteController.php(96): CWebUser->__get('user_type')
#2 C:\wamp64\www\yii\framework\web\actions\CInlineAction.php(49): SiteController->actionLogin()
#3 C:\wamp64\www\yii\framework\web\CController.php(308): CInlineAction->runWithParams(Array)
#4 C:\wamp64\www\yii\framework\web\CController.php(286): CController->runAction(Object(CInlineAction))
#5 C:\wamp64\www\yii\framework\web\CController.php(265): CController->runActionWithFilters(Object(CInlineAction), Array)
#6 C:\wamp64\www\yii\framework\web\CWebApplication.php(282): CController->run('login')
#7 C:\wamp64\www\yii\framework\web\CWebApplication.php(141): CWebApplication->runController('site/login')
#8 C:\wamp64\www\yii\framework\base\CApplication.php(185): CWebApplication->processRequest()
#9 C:\wamp64\www\realestatetaxbillingsystem\index.php(13): CApplication->run()
#10 {main}
REQUEST_URI=/realestatetaxbillingsystem/index.php?r=site/login
HTTP_REFERER=http://localhost/realestatetaxbillingsystem/index.php?r=site/login
---
2017/04/03 15:56:18 [error] [php] Undefined variable: model (C:\wamp64\www\realestatetaxbillingsystem\protected\views\site\login.php:28)
Stack trace:
#0 C:\wamp64\www\yii\framework\web\CController.php(869): SiteController->renderFile()
#1 C:\wamp64\www\yii\framework\web\CController.php(782): SiteController->renderPartial()
#2 C:\wamp64\www\realestatetaxbillingsystem\protected\controllers\SiteController.php(32): SiteController->render()
#3 C:\wamp64\www\yii\framework\web\actions\CInlineAction.php(49): SiteController->actionIndex()
#4 C:\wamp64\www\yii\framework\web\CController.php(308): CInlineAction->runWithParams()
#5 C:\wamp64\www\yii\framework\web\CController.php(286): SiteController->runAction()
#6 C:\wamp64\www\yii\framework\web\CController.php(265): SiteController->runActionWithFilters()
#7 C:\wamp64\www\yii\framework\web\CWebApplication.php(282): SiteController->run()
#8 C:\wamp64\www\yii\framework\web\CWebApplication.php(141): CWebApplication->runController()
#9 C:\wamp64\www\yii\framework\base\CApplication.php(185): CWebApplication->processRequest()
#10 C:\wamp64\www\realestatetaxbillingsystem\index.php(13): CWebApplication->run()
REQUEST_URI=/realestatetaxbillingsystem/
in C:\wamp64\www\realestatetaxbillingsystem\protected\views\site\login.php (28)
in C:\wamp64\www\realestatetaxbillingsystem\protected\controllers\SiteController.php (32)
in C:\wamp64\www\realestatetaxbillingsystem\index.php (13)
2017/04/03 16:02:27 [error] [php] Undefined variable: model (C:\wamp64\www\realestatetaxbillingsystem\protected\views\site\index.php:28)
Stack trace:
#0 C:\wamp64\www\yii\framework\web\CController.php(869): SiteController->renderFile()
#1 C:\wamp64\www\yii\framework\web\CController.php(782): SiteController->renderPartial()
#2 C:\wamp64\www\realestatetaxbillingsystem\protected\controllers\SiteController.php(32): SiteController->render()
#3 C:\wamp64\www\yii\framework\web\actions\CInlineAction.php(49): SiteController->actionIndex()
#4 C:\wamp64\www\yii\framework\web\CController.php(308): CInlineAction->runWithParams()
#5 C:\wamp64\www\yii\framework\web\CController.php(286): SiteController->runAction()
#6 C:\wamp64\www\yii\framework\web\CController.php(265): SiteController->runActionWithFilters()
#7 C:\wamp64\www\yii\framework\web\CWebApplication.php(282): SiteController->run()
#8 C:\wamp64\www\yii\framework\web\CWebApplication.php(141): CWebApplication->runController()
#9 C:\wamp64\www\yii\framework\base\CApplication.php(185): CWebApplication->processRequest()
#10 C:\wamp64\www\realestatetaxbillingsystem\index.php(13): CWebApplication->run()
REQUEST_URI=/realestatetaxbillingsystem/
in C:\wamp64\www\realestatetaxbillingsystem\protected\views\site\index.php (28)
in C:\wamp64\www\realestatetaxbillingsystem\protected\controllers\SiteController.php (32)
in C:\wamp64\www\realestatetaxbillingsystem\index.php (13)
2017/04/03 16:02:28 [error] [php] Undefined variable: model (C:\wamp64\www\realestatetaxbillingsystem\protected\views\site\index.php:28)
Stack trace:
#0 C:\wamp64\www\yii\framework\web\CController.php(869): SiteController->renderFile()
#1 C:\wamp64\www\yii\framework\web\CController.php(782): SiteController->renderPartial()
#2 C:\wamp64\www\realestatetaxbillingsystem\protected\controllers\SiteController.php(32): SiteController->render()
#3 C:\wamp64\www\yii\framework\web\actions\CInlineAction.php(49): SiteController->actionIndex()
#4 C:\wamp64\www\yii\framework\web\CController.php(308): CInlineAction->runWithParams()
#5 C:\wamp64\www\yii\framework\web\CController.php(286): SiteController->runAction()
#6 C:\wamp64\www\yii\framework\web\CController.php(265): SiteController->runActionWithFilters()
#7 C:\wamp64\www\yii\framework\web\CWebApplication.php(282): SiteController->run()
#8 C:\wamp64\www\yii\framework\web\CWebApplication.php(141): CWebApplication->runController()
#9 C:\wamp64\www\yii\framework\base\CApplication.php(185): CWebApplication->processRequest()
#10 C:\wamp64\www\realestatetaxbillingsystem\index.php(13): CWebApplication->run()
REQUEST_URI=/realestatetaxbillingsystem/
in C:\wamp64\www\realestatetaxbillingsystem\protected\views\site\index.php (28)
in C:\wamp64\www\realestatetaxbillingsystem\protected\controllers\SiteController.php (32)
in C:\wamp64\www\realestatetaxbillingsystem\index.php (13)
2017/04/03 16:02:30 [error] [php] Undefined variable: model (C:\wamp64\www\realestatetaxbillingsystem\protected\views\site\index.php:28)
Stack trace:
#0 C:\wamp64\www\yii\framework\web\CController.php(869): SiteController->renderFile()
#1 C:\wamp64\www\yii\framework\web\CController.php(782): SiteController->renderPartial()
#2 C:\wamp64\www\realestatetaxbillingsystem\protected\controllers\SiteController.php(32): SiteController->render()
#3 C:\wamp64\www\yii\framework\web\actions\CInlineAction.php(49): SiteController->actionIndex()
#4 C:\wamp64\www\yii\framework\web\CController.php(308): CInlineAction->runWithParams()
#5 C:\wamp64\www\yii\framework\web\CController.php(286): SiteController->runAction()
#6 C:\wamp64\www\yii\framework\web\CController.php(265): SiteController->runActionWithFilters()
#7 C:\wamp64\www\yii\framework\web\CWebApplication.php(282): SiteController->run()
#8 C:\wamp64\www\yii\framework\web\CWebApplication.php(141): CWebApplication->runController()
#9 C:\wamp64\www\yii\framework\base\CApplication.php(185): CWebApplication->processRequest()
#10 C:\wamp64\www\realestatetaxbillingsystem\index.php(13): CWebApplication->run()
REQUEST_URI=/realestatetaxbillingsystem/
in C:\wamp64\www\realestatetaxbillingsystem\protected\views\site\index.php (28)
in C:\wamp64\www\realestatetaxbillingsystem\protected\controllers\SiteController.php (32)
in C:\wamp64\www\realestatetaxbillingsystem\index.php (13)
2017/04/03 16:05:24 [error] [php] Undefined variable: model (C:\wamp64\www\realestatetaxbillingsystem\protected\views\site\index.php:28)
Stack trace:
#0 C:\wamp64\www\yii\framework\web\CController.php(869): SiteController->renderFile()
#1 C:\wamp64\www\yii\framework\web\CController.php(782): SiteController->renderPartial()
#2 C:\wamp64\www\realestatetaxbillingsystem\protected\controllers\SiteController.php(32): SiteController->render()
#3 C:\wamp64\www\yii\framework\web\actions\CInlineAction.php(49): SiteController->actionIndex()
#4 C:\wamp64\www\yii\framework\web\CController.php(308): CInlineAction->runWithParams()
#5 C:\wamp64\www\yii\framework\web\CController.php(286): SiteController->runAction()
#6 C:\wamp64\www\yii\framework\web\CController.php(265): SiteController->runActionWithFilters()
#7 C:\wamp64\www\yii\framework\web\CWebApplication.php(282): SiteController->run()
#8 C:\wamp64\www\yii\framework\web\CWebApplication.php(141): CWebApplication->runController()
#9 C:\wamp64\www\yii\framework\base\CApplication.php(185): CWebApplication->processRequest()
#10 C:\wamp64\www\realestatetaxbillingsystem\index.php(13): CWebApplication->run()
REQUEST_URI=/realestatetaxbillingsystem/
in C:\wamp64\www\realestatetaxbillingsystem\protected\views\site\index.php (28)
in C:\wamp64\www\realestatetaxbillingsystem\protected\controllers\SiteController.php (32)
in C:\wamp64\www\realestatetaxbillingsystem\index.php (13)
2017/04/03 16:05:26 [error] [php] Undefined variable: model (C:\wamp64\www\realestatetaxbillingsystem\protected\views\site\index.php:28)
Stack trace:
#0 C:\wamp64\www\yii\framework\web\CController.php(869): SiteController->renderFile()
#1 C:\wamp64\www\yii\framework\web\CController.php(782): SiteController->renderPartial()
#2 C:\wamp64\www\realestatetaxbillingsystem\protected\controllers\SiteController.php(32): SiteController->render()
#3 C:\wamp64\www\yii\framework\web\actions\CInlineAction.php(49): SiteController->actionIndex()
#4 C:\wamp64\www\yii\framework\web\CController.php(308): CInlineAction->runWithParams()
#5 C:\wamp64\www\yii\framework\web\CController.php(286): SiteController->runAction()
#6 C:\wamp64\www\yii\framework\web\CController.php(265): SiteController->runActionWithFilters()
#7 C:\wamp64\www\yii\framework\web\CWebApplication.php(282): SiteController->run()
#8 C:\wamp64\www\yii\framework\web\CWebApplication.php(141): CWebApplication->runController()
#9 C:\wamp64\www\yii\framework\base\CApplication.php(185): CWebApplication->processRequest()
#10 C:\wamp64\www\realestatetaxbillingsystem\index.php(13): CWebApplication->run()
REQUEST_URI=/realestatetaxbillingsystem/
in C:\wamp64\www\realestatetaxbillingsystem\protected\views\site\index.php (28)
in C:\wamp64\www\realestatetaxbillingsystem\protected\controllers\SiteController.php (32)
in C:\wamp64\www\realestatetaxbillingsystem\index.php (13)
2017/04/03 16:05:28 [error] [php] Undefined variable: model (C:\wamp64\www\realestatetaxbillingsystem\protected\views\site\index.php:28)
Stack trace:
#0 C:\wamp64\www\yii\framework\web\CController.php(869): SiteController->renderFile()
#1 C:\wamp64\www\yii\framework\web\CController.php(782): SiteController->renderPartial()
#2 C:\wamp64\www\realestatetaxbillingsystem\protected\controllers\SiteController.php(32): SiteController->render()
#3 C:\wamp64\www\yii\framework\web\actions\CInlineAction.php(49): SiteController->actionIndex()
#4 C:\wamp64\www\yii\framework\web\CController.php(308): CInlineAction->runWithParams()
#5 C:\wamp64\www\yii\framework\web\CController.php(286): SiteController->runAction()
#6 C:\wamp64\www\yii\framework\web\CController.php(265): SiteController->runActionWithFilters()
#7 C:\wamp64\www\yii\framework\web\CWebApplication.php(282): SiteController->run()
#8 C:\wamp64\www\yii\framework\web\CWebApplication.php(141): CWebApplication->runController()
#9 C:\wamp64\www\yii\framework\base\CApplication.php(185): CWebApplication->processRequest()
#10 C:\wamp64\www\realestatetaxbillingsystem\index.php(13): CWebApplication->run()
REQUEST_URI=/realestatetaxbillingsystem/
in C:\wamp64\www\realestatetaxbillingsystem\protected\views\site\index.php (28)
in C:\wamp64\www\realestatetaxbillingsystem\protected\controllers\SiteController.php (32)
in C:\wamp64\www\realestatetaxbillingsystem\index.php (13)
2017/04/03 16:05:30 [error] [php] Undefined variable: model (C:\wamp64\www\realestatetaxbillingsystem\protected\views\site\index.php:28)
Stack trace:
#0 C:\wamp64\www\yii\framework\web\CController.php(869): SiteController->renderFile()
#1 C:\wamp64\www\yii\framework\web\CController.php(782): SiteController->renderPartial()
#2 C:\wamp64\www\realestatetaxbillingsystem\protected\controllers\SiteController.php(32): SiteController->render()
#3 C:\wamp64\www\yii\framework\web\actions\CInlineAction.php(49): SiteController->actionIndex()
#4 C:\wamp64\www\yii\framework\web\CController.php(308): CInlineAction->runWithParams()
#5 C:\wamp64\www\yii\framework\web\CController.php(286): SiteController->runAction()
#6 C:\wamp64\www\yii\framework\web\CController.php(265): SiteController->runActionWithFilters()
#7 C:\wamp64\www\yii\framework\web\CWebApplication.php(282): SiteController->run()
#8 C:\wamp64\www\yii\framework\web\CWebApplication.php(141): CWebApplication->runController()
#9 C:\wamp64\www\yii\framework\base\CApplication.php(185): CWebApplication->processRequest()
#10 C:\wamp64\www\realestatetaxbillingsystem\index.php(13): CWebApplication->run()
REQUEST_URI=/realestatetaxbillingsystem/
in C:\wamp64\www\realestatetaxbillingsystem\protected\views\site\index.php (28)
in C:\wamp64\www\realestatetaxbillingsystem\protected\controllers\SiteController.php (32)
in C:\wamp64\www\realestatetaxbillingsystem\index.php (13)
2017/04/03 16:10:15 [error] [php] Undefined variable: model (C:\wamp64\www\realestatetaxbillingsystem\protected\views\site\index.php:28)
Stack trace:
#0 C:\wamp64\www\yii\framework\web\CController.php(869): SiteController->renderFile()
#1 C:\wamp64\www\yii\framework\web\CController.php(782): SiteController->renderPartial()
#2 C:\wamp64\www\realestatetaxbillingsystem\protected\controllers\SiteController.php(32): SiteController->render()
#3 C:\wamp64\www\yii\framework\web\actions\CInlineAction.php(49): SiteController->actionIndex()
#4 C:\wamp64\www\yii\framework\web\CController.php(308): CInlineAction->runWithParams()
#5 C:\wamp64\www\yii\framework\web\CController.php(286): SiteController->runAction()
#6 C:\wamp64\www\yii\framework\web\CController.php(265): SiteController->runActionWithFilters()
#7 C:\wamp64\www\yii\framework\web\CWebApplication.php(282): SiteController->run()
#8 C:\wamp64\www\yii\framework\web\CWebApplication.php(141): CWebApplication->runController()
#9 C:\wamp64\www\yii\framework\base\CApplication.php(185): CWebApplication->processRequest()
#10 C:\wamp64\www\realestatetaxbillingsystem\index.php(13): CWebApplication->run()
REQUEST_URI=/realestatetaxbillingsystem/
in C:\wamp64\www\realestatetaxbillingsystem\protected\views\site\index.php (28)
in C:\wamp64\www\realestatetaxbillingsystem\protected\controllers\SiteController.php (32)
in C:\wamp64\www\realestatetaxbillingsystem\index.php (13)
